<?xml version="1.0" encoding="UTF-8"?>
<!-- Generated by org.testng.reporters.JUnitReportReporter -->
<testsuite ignored="0" hostname="Ricardo" failures="0" tests="1" name="prueba.Ejemplo_Hard_Assertion" time="2.187" errors="0" timestamp="16 ago. 2023 04:56:30 GMT" skipped="0">
  <testcase classname="prueba.Ejemplo_Hard_Assertion" name="Test1" time="2.187"/>
</testsuite> <!-- prueba.Ejemplo_Hard_Assertion -->
