<?xml version="1.0" encoding="UTF-8"?>
<!-- Generated by org.testng.reporters.JUnitReportReporter -->
<testsuite ignored="0" hostname="Ricardo" failures="0" tests="1" name="loginTestcases.TC_01_Login" time="0.361" errors="0" timestamp="17 ago. 2023 01:50:26 GMT" skipped="0">
  <testcase classname="loginTestcases.TC_01_Login" name="TC_01" time="0.361"/>
</testsuite> <!-- loginTestcases.TC_01_Login -->
