<?xml version="1.0" encoding="UTF-8"?>
<!-- Generated by org.testng.reporters.JUnitReportReporter -->
<testsuite ignored="0" hostname="Ricardo" failures="0" tests="1" name="loginTestcases.TC_02_ErrorLock" time="0.321" errors="0" timestamp="17 ago. 2023 01:31:00 GMT" skipped="0">
  <testcase classname="loginTestcases.TC_02_ErrorLock" name="TC_02" time="0.321"/>
</testsuite> <!-- loginTestcases.TC_02_ErrorLock -->
